<?xml version="1.0" encoding="UTF-8"?>
<!-- Generated by org.testng.reporters.JUnitReportReporter -->
<testsuite hostname="RD-jling" name="com.midianTest.AppTest" tests="1" failures="0" timestamp="17 Oct 2016 08:00:27 GMT" time="0.002" errors="0">
  <testcase name="testApp" time="0.002" classname="com.midianTest.AppTest"/>
</testsuite> <!-- com.midianTest.AppTest -->
