<?xml version="1.0" encoding="UTF-8"?>
<!-- Generated by org.testng.reporters.JUnitReportReporter -->
<testsuite hostname="RD-jling" name="com.midian.webtest.use.TradeRegister" tests="1" failures="0" timestamp="22 Sep 2016 08:44:59 GMT" time="44.898" errors="0">
  <testcase name="tradeRegister" time="44.898" classname="com.midian.webtest.use.TradeRegister"/>
</testsuite> <!-- com.midian.webtest.use.TradeRegister -->
