<?xml version="1.0" encoding="UTF-8"?>
<!-- Generated by org.testng.reporters.JUnitReportReporter -->
<testsuite hostname="RD-jling" name="com.midian.webtest.use.WzLoginTest" tests="1" failures="0" timestamp="28 Sep 2016 03:33:48 GMT" time="7.928" errors="0">
  <testcase name="loginTest" time="7.928" classname="com.midian.webtest.use.WzLoginTest"/>
</testsuite> <!-- com.midian.webtest.use.WzLoginTest -->
