<?xml version="1.0" encoding="UTF-8"?>
<!-- Generated by org.testng.reporters.JUnitReportReporter -->
<testsuite hostname="RD-jling" name="com.midian.webtest.dataprovider.MidianInfo2" tests="1" failures="0" timestamp="14 Oct 2016 10:09:59 GMT" time="0.012" errors="0">
  <testcase name="parameter" time="0.012" classname="com.midian.webtest.dataprovider.MidianInfo2"/>
</testsuite> <!-- com.midian.webtest.dataprovider.MidianInfo2 -->
